 * Serving Flask app 'Flask'
 * Debug mode: on
WARNING: This is a development server. Do not use it in a production deployment. Use a production WSGI server instead.
 * Running on all addresses (0.0.0.0)
 * Running on http://127.0.0.1:8500
 * Running on http://172.26.5.201:8500
Press CTRL+C to quit
 * Restarting with stat
 * Debugger is active!
 * Debugger PIN: 870-682-027
172.17.0.6 - - [15/May/2023 01:47:15] "POST /api/run-script HTTP/1.1" 400 -
OpenCV: FFMPEG: tag 0x34363268/'h264' is not supported with codec id 27 and format 'mp4 / MP4 (MPEG-4 Part 14)'
OpenCV: FFMPEG: fallback to use tag 0x31637661/'avc1'
[ERROR:0@3042.892] global cap_ffmpeg_impl.hpp:2991 open Could not find encoder for codec_id=27, error: Encoder not found
[ERROR:0@3042.892] global cap_ffmpeg_impl.hpp:3066 open VIDEOIO/FFMPEG: Failed to initialize VideoWriter
172.17.0.6 - - [15/May/2023 01:53:53] "POST /api/run-script HTTP/1.1" 200 -
OpenCV: FFMPEG: tag 0x34363268/'h264' is not supported with codec id 27 and format 'mp4 / MP4 (MPEG-4 Part 14)'
OpenCV: FFMPEG: fallback to use tag 0x31637661/'avc1'
[ERROR:4@3341.131] global cap_ffmpeg_impl.hpp:2991 open Could not find encoder for codec_id=27, error: Encoder not found
[ERROR:4@3341.131] global cap_ffmpeg_impl.hpp:3066 open VIDEOIO/FFMPEG: Failed to initialize VideoWriter
172.17.0.6 - - [15/May/2023 01:58:51] "POST /api/run-script HTTP/1.1" 200 -
OpenCV: FFMPEG: tag 0x34363268/'h264' is not supported with codec id 27 and format 'mp4 / MP4 (MPEG-4 Part 14)'
OpenCV: FFMPEG: fallback to use tag 0x31637661/'avc1'
[ERROR:5@4018.304] global cap_ffmpeg_impl.hpp:2991 open Could not find encoder for codec_id=27, error: Encoder not found
[ERROR:5@4018.304] global cap_ffmpeg_impl.hpp:3066 open VIDEOIO/FFMPEG: Failed to initialize VideoWriter
172.17.0.6 - - [15/May/2023 02:10:08] "POST /api/run-script HTTP/1.1" 200 -
OpenCV: FFMPEG: tag 0x34363268/'h264' is not supported with codec id 27 and format 'mp4 / MP4 (MPEG-4 Part 14)'
OpenCV: FFMPEG: fallback to use tag 0x31637661/'avc1'
[ERROR:6@4311.761] global cap_ffmpeg_impl.hpp:2991 open Could not find encoder for codec_id=27, error: Encoder not found
[ERROR:6@4311.761] global cap_ffmpeg_impl.hpp:3066 open VIDEOIO/FFMPEG: Failed to initialize VideoWriter
172.17.0.6 - - [15/May/2023 02:15:02] "POST /api/run-script HTTP/1.1" 200 -
 * Detected change in '/home/ubuntu/S08P31A604/backend/sandart-service/Flask.py', reloading
File drawing_process.mp4 uploaded to astaro/drawing_process.mp4 successfully.
File drawing_process.mp4 uploaded to astaro/drawing_process.mp4 successfully.
File drawing_process.mp4 uploaded to astaro/drawing_process.mp4 successfully.
File drawing_process.mp4 uploaded to astaro/drawing_process.mp4 successfully.
 * Restarting with stat
 * Debugger is active!
 * Debugger PIN: 870-682-027
 * Serving Flask app 'Flask'
 * Debug mode: on
Address already in use
Port 8500 is in use by another program. Either identify and stop that program, or start the server with a different port.
OpenCV: FFMPEG: tag 0x34363268/'h264' is not supported with codec id 27 and format 'mp4 / MP4 (MPEG-4 Part 14)'
OpenCV: FFMPEG: fallback to use tag 0x31637661/'avc1'
[ERROR:0@127.859] global cap_ffmpeg_impl.hpp:2991 open Could not find encoder for codec_id=27, error: Encoder not found
[ERROR:0@127.859] global cap_ffmpeg_impl.hpp:3066 open VIDEOIO/FFMPEG: Failed to initialize VideoWriter
172.17.0.6 - - [15/May/2023 03:15:22] "POST /api/run-script HTTP/1.1" 500 -
